<?xml version="1.0" encoding="UTF-8"?>
<testng-results ignored="0" total="1" passed="1" failed="0" skipped="0">
  <reporter-output>
  </reporter-output>
  <suite started-at="2026-06-11T16:54:50 CEST" name="Default suite" finished-at="2026-06-11T16:54:55 CEST" duration-ms="4633">
    <groups>
    </groups>
    <test started-at="2026-06-11T16:54:50 CEST" name="Default test" finished-at="2026-06-11T16:54:55 CEST" duration-ms="4633">
      <class name="tests.LoginTest">
        <test-method is-config="true" signature="setupReport()[pri:0, instance:tests.LoginTest@7dcf94f8]" started-at="2026-06-11T16:54:50 CEST" name="setupReport" finished-at="2026-06-11T16:54:50 CEST" duration-ms="152" status="PASS">
          <reporter-output>
          </reporter-output>
        </test-method> <!-- setupReport -->
        <test-method is-config="true" signature="setUp()[pri:0, instance:tests.LoginTest@7dcf94f8]" started-at="2026-06-11T16:54:50 CEST" name="setUp" finished-at="2026-06-11T16:54:54 CEST" duration-ms="3737" status="PASS">
          <reporter-output>
          </reporter-output>
        </test-method> <!-- setUp -->
        <test-method signature="testStandardUser()[pri:0, instance:tests.LoginTest@7dcf94f8]" started-at="2026-06-11T16:54:54 CEST" name="testStandardUser" finished-at="2026-06-11T16:54:55 CEST" duration-ms="854" status="PASS">
          <reporter-output>
          </reporter-output>
        </test-method> <!-- testStandardUser -->
        <test-method is-config="true" signature="tearDown(org.testng.ITestResult)[pri:0, instance:tests.LoginTest@7dcf94f8]" started-at="2026-06-11T16:54:55 CEST" name="tearDown" finished-at="2026-06-11T16:54:55 CEST" duration-ms="11" status="PASS">
          <params>
            <param index="0">
              <value>
                <![CDATA[[TestResult name=testStandardUser status=SUCCESS method=LoginTest.testStandardUser()[pri:0, instance:tests.LoginTest@7dcf94f8] output={null}]]]>
              </value>
            </param>
          </params>
          <reporter-output>
          </reporter-output>
        </test-method> <!-- tearDown -->
        <test-method is-config="true" signature="tearDownReport()[pri:0, instance:tests.LoginTest@7dcf94f8]" started-at="2026-06-11T16:54:55 CEST" name="tearDownReport" finished-at="2026-06-11T16:54:55 CEST" duration-ms="560" status="PASS">
          <reporter-output>
          </reporter-output>
        </test-method> <!-- tearDownReport -->
      </class> <!-- tests.LoginTest -->
    </test> <!-- Default test -->
  </suite> <!-- Default suite -->
</testng-results>
